{'action': 'take off'}
Elapsed time since last action: 12.68 seconds
{'action': 'forward'}
Elapsed time since last action: 6.06 seconds
{'action': 'forward'}
Elapsed time since last action: 3.02 seconds
{'action': 'forward'}
Elapsed time since last action: 4.35 seconds
{'action': 'forward'}
Elapsed time since last action: 2.02 seconds
{'action': 'forward'}
Elapsed time since last action: 3.18 seconds
{'action': 'forward'}
Elapsed time since last action: 2.99 seconds
{'action': 'forward'}
Elapsed time since last action: 2.93 seconds
{'action': 'forward'}
Elapsed time since last action: 6.16 seconds
{'action': 'forward'}
Elapsed time since last action: 2.02 seconds
default score 10
Elapsed time: 45.41 seconds
{'action': 'take off'}
Elapsed time since last action: 20.00 seconds
{'action': 'left'}
Elapsed time since last action: 5.42 seconds
{'action': 'left'}
Elapsed time since last action: 3.02 seconds
{'action': 'left'}
Elapsed time since last action: 2.07 seconds
{'action': 'left'}
Elapsed time since last action: 2.71 seconds
{'action': 'left'}
Elapsed time since last action: 5.14 seconds
{'action': 'left'}
Elapsed time since last action: 2.20 seconds
{'action': 'forward'}
Elapsed time since last action: 2.93 seconds
{'action': 'forward'}
Elapsed time since last action: 2.81 seconds
{'action': 'forward'}
Elapsed time since last action: 2.07 seconds
score 15
Elapsed time: 41.34 seconds
{'action': 'take off'}
Elapsed time since last action: 15.11 seconds
{'action': 'right'}
Elapsed time since last action: 3.00 seconds
{'action': 'right'}
Elapsed time since last action: 2.65 seconds
{'action': 'right'}
Elapsed time since last action: 4.56 seconds
FAILURE
Elapsed time: 22.36 seconds
{'action': 'take off'}
Elapsed time since last action: 11.83 seconds
{'action': 'back'}
Elapsed time since last action: 5.52 seconds
{'action': 'back'}
Elapsed time since last action: 2.96 seconds
{'action': 'back'}
Elapsed time since last action: 2.85 seconds
{'action': 'back'}
Elapsed time since last action: 2.78 seconds
{'action': 'back'}
Elapsed time since last action: 5.12 seconds
{'action': 'back'}
Elapsed time since last action: 2.02 seconds
{'action': 'left'}
Elapsed time since last action: 2.02 seconds
{'action': 'left'}
Elapsed time since last action: 5.08 seconds
score 15
Elapsed time: 36.07 seconds
{'action': 'take off'}
Elapsed time since last action: 13.62 seconds
{'action': 'forward'}
Elapsed time since last action: 12.15 seconds
{'action': 'forward'}
Elapsed time since last action: 2.01 seconds
{'action': 'forward'}
Elapsed time since last action: 2.99 seconds
{'action': 'forward'}
Elapsed time since last action: 2.86 seconds
{'action': 'forward'}
Elapsed time since last action: 2.99 seconds
{'action': 'forward'}
Elapsed time since last action: 3.42 seconds
{'action': 'forward'}
Elapsed time since last action: 4.58 seconds
{'action': 'forward'}
Elapsed time since last action: 2.22 seconds
{'action': 'forward'}
Elapsed time since last action: 3.07 seconds
default score 10
Elapsed time: 49.92 seconds
{'action': 'take off'}
Elapsed time since last action: 15.03 seconds
{'action': 'left'}
Elapsed time since last action: 5.30 seconds
{'action': 'left'}
Elapsed time since last action: 4.94 seconds
{'action': 'left'}
Elapsed time since last action: 2.02 seconds
{'action': 'forward'}
Elapsed time since last action: 2.89 seconds
{'action': 'left'}
Elapsed time since last action: 2.76 seconds
{'action': 'forward'}
Elapsed time since last action: 2.77 seconds
{'action': 'left'}
Elapsed time since last action: 4.10 seconds
{'action': 'left'}
Elapsed time since last action: 3.11 seconds
{'action': 'forward'}
Elapsed time since last action: 2.90 seconds
score 15
Elapsed time: 38.78 seconds
{'action': 'take off'}
Elapsed time since last action: 12.73 seconds
{'action': 'back'}
Elapsed time since last action: 5.33 seconds
{'action': 'back'}
Elapsed time since last action: 2.80 seconds
{'action': 'back'}
Elapsed time since last action: 3.09 seconds
{'action': 'back'}
Elapsed time since last action: 2.98 seconds
{'action': 'back'}
Elapsed time since last action: 2.87 seconds
{'action': 'back'}
Elapsed time since last action: 2.83 seconds
{'action': 'back'}
Elapsed time since last action: 2.94 seconds
{'action': 'back'}
Elapsed time since last action: 2.89 seconds
default score 10
Elapsed time: 31.44 seconds
{'action': 'take off'}
Elapsed time since last action: 39.86 seconds
{'action': 'take off'}
Elapsed time since last action: 1.94 seconds
{'action': 'take off'}
Elapsed time since last action: 12.74 seconds
{'action': 'take off'}
Elapsed time since last action: 11.16 seconds
{'action': 'left'}
Elapsed time since last action: 5.59 seconds
{'action': 'left'}
Elapsed time since last action: 2.80 seconds
{'action': 'left'}
Elapsed time since last action: 2.81 seconds
{'action': 'left'}
Elapsed time since last action: 3.26 seconds
{'action': 'left'}
Elapsed time since last action: 2.24 seconds
{'action': 'left'}
Elapsed time since last action: 2.78 seconds
{'action': 'left'}
Elapsed time since last action: 2.80 seconds
{'action': 'left'}
Elapsed time since last action: 2.81 seconds
{'action': 'left'}
Elapsed time since last action: 3.00 seconds
default score 10
Elapsed time: 39.24 seconds
{'action': 'take off'}
Elapsed time since last action: 16.35 seconds
{'action': 'right'}
Elapsed time since last action: 3.00 seconds
{'action': 'right'}
Elapsed time since last action: 2.84 seconds
{'action': 'right'}
Elapsed time since last action: 2.94 seconds
{'action': 'right'}
Elapsed time since last action: 2.90 seconds
{'action': 'right'}
Elapsed time since last action: 3.33 seconds
{'action': 'back'}
Elapsed time since last action: 8.08 seconds
{'action': 'back'}
Elapsed time since last action: 2.02 seconds
score 15
Elapsed time: 34.43 seconds
{'action': 'back'}
Elapsed time since last action: 9.06 seconds
{'action': 'forward'}
Elapsed time since last action: 9.22 seconds
{'action': 'forward'}
Elapsed time since last action: 2.84 seconds
{'action': 'forward'}
Elapsed time since last action: 3.01 seconds
{'action': 'forward'}
Elapsed time since last action: 2.07 seconds
{'action': 'forward'}
Elapsed time since last action: 2.76 seconds
{'action': 'forward'}
Elapsed time since last action: 2.70 seconds
{'action': 'forward'}
Elapsed time since last action: 2.87 seconds
{'action': 'forward'}
Elapsed time since last action: 2.83 seconds
{'action': 'forward'}
Elapsed time since last action: 3.72 seconds
default score 10
Elapsed time: 34.03 seconds
{'action': 'take off'}
Elapsed time since last action: 14.78 seconds
{'action': 'left'}
Elapsed time since last action: 5.83 seconds
{'action': 'left'}
Elapsed time since last action: 2.69 seconds
{'action': 'left'}
Elapsed time since last action: 2.71 seconds
{'action': 'back'}
Elapsed time since last action: 2.62 seconds
{'action': 'back'}
Elapsed time since last action: 2.14 seconds
{'action': 'back'}
Elapsed time since last action: 4.27 seconds
{'action': 'back'}
Elapsed time since last action: 2.02 seconds
{'action': 'back'}
Elapsed time since last action: 2.52 seconds
score 15
Elapsed time: 32.55 seconds
{'action': 'take off'}
Elapsed time since last action: 12.66 seconds
{'action': 'right'}
Elapsed time since last action: 2.68 seconds
{'action': 'right'}
Elapsed time since last action: 2.94 seconds
{'action': 'right'}
Elapsed time since last action: 8.89 seconds
{'action': 'right'}
Elapsed time since last action: 2.38 seconds
FAILURE
Elapsed time: 33.56 seconds
{'action': 'take off'}
Elapsed time since last action: 17.74 seconds
{'action': 'right'}
Elapsed time since last action: 2.68 seconds
{'action': 'right'}
Elapsed time since last action: 2.50 seconds
{'action': 'take off'}
Elapsed time since last action: 7.80 seconds
{'action': 'right'}
Elapsed time since last action: 2.33 seconds
FAILURE
Elapsed time: 37.05 seconds
{'action': 'take off'}
Elapsed time since last action: 13.10 seconds
{'action': 'right'}
Elapsed time since last action: 2.37 seconds
{'action': 'right'}
Elapsed time since last action: 2.50 seconds
{'action': 'right'}
Elapsed time since last action: 7.46 seconds
{'action': 'right'}
Elapsed time since last action: 2.31 seconds
FAILURE
Elapsed time: 31.75 seconds
{'action': 'take off'}
Elapsed time since last action: 11.89 seconds
{'action': 'right'}
Elapsed time since last action: 2.38 seconds
{'action': 'right'}
Elapsed time since last action: 2.39 seconds
{'action': 'right'}
Elapsed time since last action: 7.11 seconds
{'action': 'right'}
Elapsed time since last action: 2.42 seconds
FAILURE
Elapsed time: 30.20 seconds
{'action': 'take off'}
Elapsed time since last action: 11.52 seconds
{'action': 'right'}
Elapsed time since last action: 2.33 seconds
{'action': 'right'}
Elapsed time since last action: 2.30 seconds
{'action': 'right'}
Elapsed time since last action: 9.06 seconds
{'action': 'right'}
Elapsed time since last action: 2.37 seconds
FAILURE
Elapsed time: 31.58 seconds
{'action': 'take off'}
Elapsed time since last action: 13.53 seconds
{'action': 'right'}
Elapsed time since last action: 4.34 seconds
{'action': 'right'}
Elapsed time since last action: 2.95 seconds
{'action': 'right'}
Elapsed time since last action: 8.56 seconds
{'action': 'right'}
Elapsed time since last action: 2.78 seconds
FAILURE
Elapsed time: 36.22 seconds
{'action': 'take off'}
Elapsed time since last action: 70.12 seconds
{'action': 'back'}
Elapsed time since last action: 23.52 seconds
{'action': 'back'}
Elapsed time since last action: 2.92 seconds
{'action': 'back'}
Elapsed time since last action: 2.82 seconds
{'action': 'back'}
Elapsed time since last action: 2.86 seconds
{'action': 'back'}
Elapsed time since last action: 8.02 seconds
{'action': 'back'}
Elapsed time since last action: 2.02 seconds
{'action': 'left'}
Elapsed time since last action: 2.02 seconds
{'action': 'left'}
Elapsed time since last action: 2.51 seconds
score 15
Elapsed time: 106.73 seconds
{'action': 'take off'}
Elapsed time since last action: 11.80 seconds
{'action': 'right'}
Elapsed time since last action: 4.68 seconds
{'action': 'right'}
Elapsed time since last action: 2.86 seconds
{'action': 'right'}
Elapsed time since last action: 7.79 seconds
{'action': 'right'}
Elapsed time since last action: 3.76 seconds
{'action': 'right'}
Elapsed time since last action: 3.89 seconds
{'action': 'right'}
Elapsed time since last action: 4.41 seconds
FAILURE
Elapsed time: 43.25 seconds
{'action': 'take off'}
Elapsed time since last action: 11.06 seconds
{'action': 'back'}
Elapsed time since last action: 5.61 seconds
{'action': 'back'}
Elapsed time since last action: 3.02 seconds
{'action': 'back'}
Elapsed time since last action: 12.07 seconds
{'action': 'back'}
Elapsed time since last action: 2.36 seconds
{'action': 'back'}
Elapsed time since last action: 3.22 seconds
{'action': 'back'}
Elapsed time since last action: 3.07 seconds
FAILURE
Elapsed time: 44.48 seconds
{'action': 'take off'}
Elapsed time since last action: 41.00 seconds
{'action': 'back'}
Elapsed time since last action: 13.27 seconds
{'action': 'back'}
Elapsed time since last action: 4.60 seconds
{'action': 'back'}
Elapsed time since last action: 11.98 seconds
{'action': 'back'}
Elapsed time since last action: 2.41 seconds
{'action': 'back'}
Elapsed time since last action: 2.95 seconds
{'action': 'back'}
Elapsed time since last action: 3.62 seconds
FAILURE
Elapsed time: 83.88 seconds
