take off
take off
take off
take off
forward
forward
forward
right
take off
take off
up
take off
take off
right
take off
right
take off
right
right
take off
forward
take off
forward
take off
take off
take off
right
left
take off
right
left
right
take off
forward
take off
take off
take off
back
take off
right
left
right
take off
right
right
right
right
right
right
take off
right
take off
right
right
right
right
right
left
take off
take off
forward
forward
forward
take off
left
left
left
take off
back
back
take off
take off
forward
forward
forward
take off
left
left
take off
back
back
take off
