{'action': 'take off'}
Elapsed time since last action: 22.48 seconds
{'action': 'left'}
Elapsed time since last action: 7.24 seconds
{'action': 'left'}
Elapsed time since last action: 6.21 seconds
{'action': 'left'}
Elapsed time since last action: 4.05 seconds
{'action': 'left'}
Elapsed time since last action: 2.82 seconds
{'action': 'left'}
Elapsed time since last action: 2.72 seconds
{'action': 'left'}
Elapsed time since last action: 2.80 seconds
{'action': 'left'}
Elapsed time since last action: 2.77 seconds
{'action': 'left'}
Elapsed time since last action: 2.78 seconds
{'action': 'forward'}
default score 10
Elapsed time: 54.57 seconds
{'action': 'take off'}
Elapsed time since last action: 17.97 seconds
{'action': 'back'}
Elapsed time since last action: 5.16 seconds
{'action': 'back'}
Elapsed time since last action: 3.08 seconds
{'action': 'back'}
Elapsed time since last action: 5.74 seconds
{'action': 'back'}
Elapsed time since last action: 2.02 seconds
{'action': 'left'}
Elapsed time since last action: 2.02 seconds
{'action': 'left'}
Elapsed time since last action: 2.13 seconds
{'action': 'left'}
Elapsed time since last action: 4.32 seconds
{'action': 'forward'}
Elapsed time since last action: 2.02 seconds
{'action': 'forward'}
score 15
Elapsed time: 38.31 seconds
{'action': 'take off'}
Elapsed time since last action: 14.81 seconds
{'action': 'right'}
Elapsed time since last action: 2.88 seconds
{'action': 'right'}
Elapsed time since last action: 2.72 seconds
{'action': 'right'}
FAILURE
Elapsed time: 16.51 seconds
{'action': 'take off'}
Elapsed time since last action: 15.98 seconds
{'action': 'forward'}
Elapsed time since last action: 3.86 seconds
{'action': 'forward'}
Elapsed time since last action: 2.51 seconds
{'action': 'forward'}
Elapsed time since last action: 2.72 seconds
{'action': 'forward'}
Elapsed time since last action: 2.80 seconds
{'action': 'forward'}
Elapsed time since last action: 2.79 seconds
{'action': 'right'}
Elapsed time since last action: 0.80 seconds
{'action': 'right'}
Elapsed time since last action: 2.79 seconds
{'action': 'right'}
Elapsed time since last action: 2.82 seconds
{'action': 'forward'}
score 15
Elapsed time: 35.45 seconds
{'action': 'take off'}
Elapsed time since last action: 11.86 seconds
{'action': 'left'}
Elapsed time since last action: 5.00 seconds
{'action': 'left'}
Elapsed time since last action: 2.77 seconds
{'action': 'left'}
Elapsed time since last action: 2.73 seconds
{'action': 'left'}
Elapsed time since last action: 2.76 seconds
{'action': 'left'}
Elapsed time since last action: 2.75 seconds
{'action': 'left'}
Elapsed time since last action: 2.73 seconds
{'action': 'left'}
Elapsed time since last action: 2.74 seconds
{'action': 'left'}
Elapsed time since last action: 2.79 seconds
{'action': 'left'}
default score 10
Elapsed time: 36.90 seconds
{'action': 'take off'}
Elapsed time since last action: 14.83 seconds
{'action': 'back'}
Elapsed time since last action: 4.80 seconds
{'action': 'back'}
Elapsed time since last action: 2.74 seconds
{'action': 'back'}
Elapsed time since last action: 2.87 seconds
{'action': 'left'}
Elapsed time since last action: 2.76 seconds
{'action': 'left'}
Elapsed time since last action: 2.81 seconds
{'action': 'left'}
score 15
Elapsed time: 23.90 seconds
{'action': 'take off'}
Elapsed time since last action: 12.74 seconds
{'action': 'forward'}
Elapsed time since last action: 3.89 seconds
{'action': 'forward'}
Elapsed time since last action: 5.89 seconds
{'action': 'forward'}
Elapsed time since last action: 2.29 seconds
{'action': 'forward'}
Elapsed time since last action: 2.76 seconds
{'action': 'forward'}
Elapsed time since last action: 4.30 seconds
{'action': 'forward'}
Elapsed time since last action: 2.02 seconds
{'action': 'forward'}
Elapsed time since last action: 2.06 seconds
{'action': 'forward'}
Elapsed time since last action: 2.79 seconds
{'action': 'forward'}
default score 10
Elapsed time: 33.67 seconds
{'action': 'take off'}
Elapsed time since last action: 18.52 seconds
{'action': 'right'}
Elapsed time since last action: 2.97 seconds
{'action': 'right'}
Elapsed time since last action: 2.68 seconds
{'action': 'right'}
Elapsed time since last action: 2.74 seconds
{'action': 'right'}
Elapsed time since last action: 2.76 seconds
{'action': 'right'}
Elapsed time since last action: 2.75 seconds
{'action': 'forward'}
Elapsed time since last action: 4.75 seconds
{'action': 'forward'}
score 5
Elapsed time: 29.58 seconds
